
> frontend@0.1.0 build
> next build

  ▲ Next.js 14.2.35

   Creating an optimized production build ...
Failed to compile.

./components/specific/Navbar.tsx
Error: 
  [31mx[0m You're importing a component that needs usePathname. It only works in a Client Component but none of its parents are marked with "use client", so they're Server Components by default.
  [31m|[0m Learn more: https://nextjs.org/docs/getting-started/react-essentials
  [31m|[0m 
  [31m|[0m 
   ,-[[36;1;4mC:\Escuela\5 Cuatrimestre\AppWebMicro\Sports Analytics\sports-analytics\frontend\components\specific\Navbar.tsx[0m:1:1]
 [2m1[0m | import React from 'react';
 [2m2[0m | import Link from 'next/link';
 [2m3[0m | import { usePathname } from 'next/navigation';
   : [31;1m         ^^^^^^^^^^^[0m
 [2m4[0m | import { Activity, Users, LayoutDashboard } from 'lucide-react';
 [2m5[0m | import { APP_NAME } from '../../lib/constants';
 [2m5[0m | 
   `----

Import trace for requested module:
./components/specific/Navbar.tsx
./components/layouts/MainLayout.tsx
./app/layout.tsx


> Build failed because of webpack errors
